Command: C:\Users\enenra\AppData\Roaming\Blender Foundation\Blender\3.1\scripts\addons\space-engineers-utilities\tools\FBXImporter.exe C:\Users\enenra\AppData\Roaming\SpaceEngineers\Mods\A Quantum of Depth\AQD - Tarps\Content\Models\Cubes\large\AQD_LG_Tarp_3x3_Net.hkt.fbx C:\Users\enenra\AppData\Roaming\SpaceEngineers\Mods\A Quantum of Depth\AQD - Tarps\Content\Models\Cubes\large\AQD_LG_Tarp_3x3_Net.hkt 
------------------------------------------------------------------
 Havok - Build (20130718)
 Version 2013.1.0-r1
 Base system initialized.
------------------------------------------------------------------
Havok License Keys:
 Physics_2012     : PcXs (expires PERPETUAL)
 Animation        : PcXs (expires PERPETUAL)
------------------------------------------------------------------
Math\hkMath.cpp(158): [0xDE404A11] Warning: Flushing denormals is required inside Havok code. Please call _MM_SET_FLUSH_ZERO_MODE(_MM_FLUSH_ZERO_ON); before stepping Havok. See the "Using the Math Library" section in the User Guide for more information.
Modeller: FBX [Blender (stable FBX IO)]
Bones: 0
Animation stacks: 0
Converting nodes for root...
Output path: C:\Users\enenra\AppData\Roaming\SpaceEngineers\Mods\A Quantum of Depth\AQD - Tarps\Content\Models\Cubes\large\
-------------------------------------------------------------------------------
Saved tag file: AQD_LG_Tarp_3x3_Net.hkt
Number of frames: 1
Scene length: 0.00
Root node name: ROOT_NODE
