Running from: C:\Users\enenra\AppData\Roaming\SpaceEngineers\Mods\A Quantum of Depth\AQD - Tarps\Content\Models\Cubes\large 
Command: D:\Modding\Space Engineers\SEUT\seut-assets\Tools\MWMBuilder\MwmBuilder.exe /f /s:C:\Users\enenra\AppData\Roaming\SpaceEngineers\Mods\A Quantum of Depth\AQD - Tarps\Content\Models\Cubes\large /m:AQD_LG_Tarp_3x3_Net*.fbx /o:C:\Users\enenra\AppData\Roaming\SpaceEngineers\Mods\A Quantum of Depth\AQD - Tarps\Content\Models\Cubes\large /x:D:\Modding\Space Engineers\SEUT\seut-assets\Materials 
D:\Modding\Space Engineers\SEUT\seut-assets\Materials\Armors.xml: 
    Materialslib
D:\Modding\Space Engineers\SEUT\seut-assets\Materials\Character.xml: 
    Materialslib
D:\Modding\Space Engineers\SEUT\seut-assets\Materials\enenra.xml: 
    Materialslib
D:\Modding\Space Engineers\SEUT\seut-assets\Materials\Foliage.xml: 
    Materialslib
D:\Modding\Space Engineers\SEUT\seut-assets\Materials\Items.xml: 
    Materialslib
D:\Modding\Space Engineers\SEUT\seut-assets\Materials\LODs.xml: 
    Materialslib
D:\Modding\Space Engineers\SEUT\seut-assets\Materials\Materials.xml: 
    Materialslib
D:\Modding\Space Engineers\SEUT\seut-assets\Materials\PlayerItems.xml: 
    Materialslib
Material Libraries: 
    Material libraries were successfully loaded from path: D:\Modding\Space Engineers\SEUT\seut-assets\Materials
: 
    **FileName: C:\Users\enenra\AppData\Roaming\SpaceEngineers\Mods\A Quantum of Depth\AQD - Tarps\Content\Models\Cubes\large\AQD_LG_Tarp_3x3_Net.fbx
: 
    **Filename (without extension): AQD_LG_Tarp_3x3_Net
: 
    **Directory Name: C:\Users\enenra\AppData\Roaming\SpaceEngineers\Mods\A Quantum of Depth\AQD - Tarps\Content\Models\Cubes\large
: 
    **Number of characters to cull: 91
: 
    **Culled Path: Models\Cubes\large
Meshes: 
    Found 9 meshe(s).
Animations: 
    Found 0 animation(s).
: WARNING: 
    Assimp.Meshhas UV with 3 identical vectors in a row, this likely means you have a face with an UV is 0-size which will cause SE to make the entire model shaderless.
C:\Users\enenra\AppData\Roaming\SpaceEngineers\Mods\A Quantum of Depth\AQD - Tarps\Content\Models\Cubes\large\AQD_LG_Tarp_3x3_Net.fbx: WARNING: 
    Material: BraidedSteel is already defined in the processor. Not adding it again..
C:\Users\enenra\AppData\Roaming\SpaceEngineers\Mods\A Quantum of Depth\AQD - Tarps\Content\Models\Cubes\large\AQD_LG_Tarp_3x3_Net.fbx: WARNING: 
    Model contains degenerated triangle (indices 1143 1142 1141)
C:\Users\enenra\AppData\Roaming\SpaceEngineers\Mods\A Quantum of Depth\AQD - Tarps\Content\Models\Cubes\large\AQD_LG_Tarp_3x3_Net.fbx: WARNING: 
    Model contains degenerated triangle (indices 1141 1145 1144)
C:\Users\enenra\AppData\Roaming\SpaceEngineers\Mods\A Quantum of Depth\AQD - Tarps\Content\Models\Cubes\large\AQD_LG_Tarp_3x3_Net.fbx: WARNING: 
    Model contains degenerated triangle (indices 1173 1172 1171)
C:\Users\enenra\AppData\Roaming\SpaceEngineers\Mods\A Quantum of Depth\AQD - Tarps\Content\Models\Cubes\large\AQD_LG_Tarp_3x3_Net.fbx: WARNING: 
    Model contains degenerated triangle (indices 1176 1175 1174)
C:\Users\enenra\AppData\Roaming\SpaceEngineers\Mods\A Quantum of Depth\AQD - Tarps\Content\Models\Cubes\large\AQD_LG_Tarp_3x3_Net.fbx: WARNING: 
    Model contains degenerated triangle (indices 1191 1189 1078)
C:\Users\enenra\AppData\Roaming\SpaceEngineers\Mods\A Quantum of Depth\AQD - Tarps\Content\Models\Cubes\large\AQD_LG_Tarp_3x3_Net.fbx: WARNING: 
    Model contains degenerated triangle (indices 1202 1200 1079)
C:\Users\enenra\AppData\Roaming\SpaceEngineers\Mods\A Quantum of Depth\AQD - Tarps\Content\Models\Cubes\large\AQD_LG_Tarp_3x3_Net.fbx: WARNING: 
    Model contains degenerated triangle (indices 1207 1210 1077)
C:\Users\enenra\AppData\Roaming\SpaceEngineers\Mods\A Quantum of Depth\AQD - Tarps\Content\Models\Cubes\large\AQD_LG_Tarp_3x3_Net.fbx: WARNING: 
    Model contains degenerated triangle (indices 1218 1216 1080)
C:\Users\enenra\AppData\Roaming\SpaceEngineers\Mods\A Quantum of Depth\AQD - Tarps\Content\Models\Cubes\large\AQD_LG_Tarp_3x3_Net.fbx: WARNING: 
    Model contains degenerated triangle (indices 1255 1254 1253)
C:\Users\enenra\AppData\Roaming\SpaceEngineers\Mods\A Quantum of Depth\AQD - Tarps\Content\Models\Cubes\large\AQD_LG_Tarp_3x3_Net.fbx: WARNING: 
    Model contains degenerated triangle (indices 1255 1253 1110)
C:\Users\enenra\AppData\Roaming\SpaceEngineers\Mods\A Quantum of Depth\AQD - Tarps\Content\Models\Cubes\large\AQD_LG_Tarp_3x3_Net.fbx: WARNING: 
    Model contains degenerated triangle (indices 1258 1257 1256)
C:\Users\enenra\AppData\Roaming\SpaceEngineers\Mods\A Quantum of Depth\AQD - Tarps\Content\Models\Cubes\large\AQD_LG_Tarp_3x3_Net.fbx: WARNING: 
    Model contains degenerated triangle (indices 1261 1260 1259)
C:\Users\enenra\AppData\Roaming\SpaceEngineers\Mods\A Quantum of Depth\AQD - Tarps\Content\Models\Cubes\large\AQD_LG_Tarp_3x3_Net.fbx: WARNING: 
    Model contains degenerated triangle (indices 1265 1264 1263)
C:\Users\enenra\AppData\Roaming\SpaceEngineers\Mods\A Quantum of Depth\AQD - Tarps\Content\Models\Cubes\large\AQD_LG_Tarp_3x3_Net.fbx: WARNING: 
    Model contains degenerated triangle (indices 1265 1263 1262)
C:\Users\enenra\AppData\Roaming\SpaceEngineers\Mods\A Quantum of Depth\AQD - Tarps\Content\Models\Cubes\large\AQD_LG_Tarp_3x3_Net.fbx: WARNING: 
    Model contains degenerated triangle (indices 1298 1296 1100)
C:\Users\enenra\AppData\Roaming\SpaceEngineers\Mods\A Quantum of Depth\AQD - Tarps\Content\Models\Cubes\large\AQD_LG_Tarp_3x3_Net.fbx: WARNING: 
    Model contains degenerated triangle (indices 1318 1317 1316)
C:\Users\enenra\AppData\Roaming\SpaceEngineers\Mods\A Quantum of Depth\AQD - Tarps\Content\Models\Cubes\large\AQD_LG_Tarp_3x3_Net.fbx: WARNING: 
    Model contains degenerated triangle (indices 1321 1320 1319)
C:\Users\enenra\AppData\Roaming\SpaceEngineers\Mods\A Quantum of Depth\AQD - Tarps\Content\Models\Cubes\large\AQD_LG_Tarp_3x3_Net.fbx: WARNING: 
    Model contains degenerated triangle (indices 1327 1326 1325)
C:\Users\enenra\AppData\Roaming\SpaceEngineers\Mods\A Quantum of Depth\AQD - Tarps\Content\Models\Cubes\large\AQD_LG_Tarp_3x3_Net.fbx: WARNING: 
    Model contains degenerated triangle (indices 1330 1329 1328)
C:\Users\enenra\AppData\Roaming\SpaceEngineers\Mods\A Quantum of Depth\AQD - Tarps\Content\Models\Cubes\large\AQD_LG_Tarp_3x3_Net.fbx: WARNING: 
    Model contains degenerated triangle (indices 1342 1340 1105)
C:\Users\enenra\AppData\Roaming\SpaceEngineers\Mods\A Quantum of Depth\AQD - Tarps\Content\Models\Cubes\large\AQD_LG_Tarp_3x3_Net.fbx: WARNING: 
    Model contains degenerated triangle (indices 1369 1367 1101)
C:\Users\enenra\AppData\Roaming\SpaceEngineers\Mods\A Quantum of Depth\AQD - Tarps\Content\Models\Cubes\large\AQD_LG_Tarp_3x3_Net.fbx: WARNING: 
    Model contains degenerated triangle (indices 1381 1379 1104)
C:\Users\enenra\AppData\Roaming\SpaceEngineers\Mods\A Quantum of Depth\AQD - Tarps\Content\Models\Cubes\large\AQD_LG_Tarp_3x3_Net.fbx: WARNING: 
    Model contains degenerated triangle (indices 1079 1080 1216)
C:\Users\enenra\AppData\Roaming\SpaceEngineers\Mods\A Quantum of Depth\AQD - Tarps\Content\Models\Cubes\large\AQD_LG_Tarp_3x3_Net.fbx: WARNING: 
    Model contains degenerated triangle (indices 1079 1216 1202)
C:\Users\enenra\AppData\Roaming\SpaceEngineers\Mods\A Quantum of Depth\AQD - Tarps\Content\Models\Cubes\large\AQD_LG_Tarp_3x3_Net.fbx: WARNING: 
    Model contains degenerated triangle (indices 1077 1078 1189)
C:\Users\enenra\AppData\Roaming\SpaceEngineers\Mods\A Quantum of Depth\AQD - Tarps\Content\Models\Cubes\large\AQD_LG_Tarp_3x3_Net.fbx: WARNING: 
    Model contains degenerated triangle (indices 1077 1189 1207)
C:\Users\enenra\AppData\Roaming\SpaceEngineers\Mods\A Quantum of Depth\AQD - Tarps\Content\Models\Cubes\large\AQD_LG_Tarp_3x3_Net.fbx: WARNING: 
    Model contains degenerated triangle (indices 1100 1101 1367)
C:\Users\enenra\AppData\Roaming\SpaceEngineers\Mods\A Quantum of Depth\AQD - Tarps\Content\Models\Cubes\large\AQD_LG_Tarp_3x3_Net.fbx: WARNING: 
    Model contains degenerated triangle (indices 1100 1367 1298)
C:\Users\enenra\AppData\Roaming\SpaceEngineers\Mods\A Quantum of Depth\AQD - Tarps\Content\Models\Cubes\large\AQD_LG_Tarp_3x3_Net.fbx: WARNING: 
    Model contains degenerated triangle (indices 1340 1381 1104)
C:\Users\enenra\AppData\Roaming\SpaceEngineers\Mods\A Quantum of Depth\AQD - Tarps\Content\Models\Cubes\large\AQD_LG_Tarp_3x3_Net.fbx: WARNING: 
    Model contains degenerated triangle (indices 1340 1104 1105)
C:\Users\enenra\AppData\Roaming\SpaceEngineers\Mods\A Quantum of Depth\AQD - Tarps\Content\Models\Cubes\large\AQD_LG_Tarp_3x3_Net.fbx: WARNING: 
    Model contains degenerated triangle (indices 1655 1654 1653)
C:\Users\enenra\AppData\Roaming\SpaceEngineers\Mods\A Quantum of Depth\AQD - Tarps\Content\Models\Cubes\large\AQD_LG_Tarp_3x3_Net.fbx: WARNING: 
    Model contains degenerated triangle (indices 1657 1656 1655)
C:\Users\enenra\AppData\Roaming\SpaceEngineers\Mods\A Quantum of Depth\AQD - Tarps\Content\Models\Cubes\large\AQD_LG_Tarp_3x3_Net.fbx: WARNING: 
    Model contains degenerated triangle (indices 1685 1684 1683)
C:\Users\enenra\AppData\Roaming\SpaceEngineers\Mods\A Quantum of Depth\AQD - Tarps\Content\Models\Cubes\large\AQD_LG_Tarp_3x3_Net.fbx: WARNING: 
    Model contains degenerated triangle (indices 1688 1687 1686)
C:\Users\enenra\AppData\Roaming\SpaceEngineers\Mods\A Quantum of Depth\AQD - Tarps\Content\Models\Cubes\large\AQD_LG_Tarp_3x3_Net.fbx: WARNING: 
    Model contains degenerated triangle (indices 1703 1701 1592)
C:\Users\enenra\AppData\Roaming\SpaceEngineers\Mods\A Quantum of Depth\AQD - Tarps\Content\Models\Cubes\large\AQD_LG_Tarp_3x3_Net.fbx: WARNING: 
    Model contains degenerated triangle (indices 1714 1712 1591)
C:\Users\enenra\AppData\Roaming\SpaceEngineers\Mods\A Quantum of Depth\AQD - Tarps\Content\Models\Cubes\large\AQD_LG_Tarp_3x3_Net.fbx: WARNING: 
    Model contains degenerated triangle (indices 1723 1721 1589)
C:\Users\enenra\AppData\Roaming\SpaceEngineers\Mods\A Quantum of Depth\AQD - Tarps\Content\Models\Cubes\large\AQD_LG_Tarp_3x3_Net.fbx: WARNING: 
    Model contains degenerated triangle (indices 1730 1728 1590)
C:\Users\enenra\AppData\Roaming\SpaceEngineers\Mods\A Quantum of Depth\AQD - Tarps\Content\Models\Cubes\large\AQD_LG_Tarp_3x3_Net.fbx: WARNING: 
    Model contains degenerated triangle (indices 1768 1767 1766)
C:\Users\enenra\AppData\Roaming\SpaceEngineers\Mods\A Quantum of Depth\AQD - Tarps\Content\Models\Cubes\large\AQD_LG_Tarp_3x3_Net.fbx: WARNING: 
    Model contains degenerated triangle (indices 1768 1766 1765)
C:\Users\enenra\AppData\Roaming\SpaceEngineers\Mods\A Quantum of Depth\AQD - Tarps\Content\Models\Cubes\large\AQD_LG_Tarp_3x3_Net.fbx: WARNING: 
    Model contains degenerated triangle (indices 1771 1770 1769)
C:\Users\enenra\AppData\Roaming\SpaceEngineers\Mods\A Quantum of Depth\AQD - Tarps\Content\Models\Cubes\large\AQD_LG_Tarp_3x3_Net.fbx: WARNING: 
    Model contains degenerated triangle (indices 1774 1773 1772)
C:\Users\enenra\AppData\Roaming\SpaceEngineers\Mods\A Quantum of Depth\AQD - Tarps\Content\Models\Cubes\large\AQD_LG_Tarp_3x3_Net.fbx: WARNING: 
    Model contains degenerated triangle (indices 1778 1777 1776)
C:\Users\enenra\AppData\Roaming\SpaceEngineers\Mods\A Quantum of Depth\AQD - Tarps\Content\Models\Cubes\large\AQD_LG_Tarp_3x3_Net.fbx: WARNING: 
    Model contains degenerated triangle (indices 1778 1776 1775)
C:\Users\enenra\AppData\Roaming\SpaceEngineers\Mods\A Quantum of Depth\AQD - Tarps\Content\Models\Cubes\large\AQD_LG_Tarp_3x3_Net.fbx: WARNING: 
    Model contains degenerated triangle (indices 1811 1809 1613)
C:\Users\enenra\AppData\Roaming\SpaceEngineers\Mods\A Quantum of Depth\AQD - Tarps\Content\Models\Cubes\large\AQD_LG_Tarp_3x3_Net.fbx: WARNING: 
    Model contains degenerated triangle (indices 1831 1830 1829)
C:\Users\enenra\AppData\Roaming\SpaceEngineers\Mods\A Quantum of Depth\AQD - Tarps\Content\Models\Cubes\large\AQD_LG_Tarp_3x3_Net.fbx: WARNING: 
    Model contains degenerated triangle (indices 1834 1833 1832)
C:\Users\enenra\AppData\Roaming\SpaceEngineers\Mods\A Quantum of Depth\AQD - Tarps\Content\Models\Cubes\large\AQD_LG_Tarp_3x3_Net.fbx: WARNING: 
    Model contains degenerated triangle (indices 1840 1839 1838)
C:\Users\enenra\AppData\Roaming\SpaceEngineers\Mods\A Quantum of Depth\AQD - Tarps\Content\Models\Cubes\large\AQD_LG_Tarp_3x3_Net.fbx: WARNING: 
    Model contains degenerated triangle (indices 1843 1842 1841)
C:\Users\enenra\AppData\Roaming\SpaceEngineers\Mods\A Quantum of Depth\AQD - Tarps\Content\Models\Cubes\large\AQD_LG_Tarp_3x3_Net.fbx: WARNING: 
    Model contains degenerated triangle (indices 1855 1853 1616)
C:\Users\enenra\AppData\Roaming\SpaceEngineers\Mods\A Quantum of Depth\AQD - Tarps\Content\Models\Cubes\large\AQD_LG_Tarp_3x3_Net.fbx: WARNING: 
    Model contains degenerated triangle (indices 1882 1880 1612)
C:\Users\enenra\AppData\Roaming\SpaceEngineers\Mods\A Quantum of Depth\AQD - Tarps\Content\Models\Cubes\large\AQD_LG_Tarp_3x3_Net.fbx: WARNING: 
    Model contains degenerated triangle (indices 1894 1892 1617)
C:\Users\enenra\AppData\Roaming\SpaceEngineers\Mods\A Quantum of Depth\AQD - Tarps\Content\Models\Cubes\large\AQD_LG_Tarp_3x3_Net.fbx: WARNING: 
    Model contains degenerated triangle (indices 1730 1590 1591)
C:\Users\enenra\AppData\Roaming\SpaceEngineers\Mods\A Quantum of Depth\AQD - Tarps\Content\Models\Cubes\large\AQD_LG_Tarp_3x3_Net.fbx: WARNING: 
    Model contains degenerated triangle (indices 1730 1591 1712)
C:\Users\enenra\AppData\Roaming\SpaceEngineers\Mods\A Quantum of Depth\AQD - Tarps\Content\Models\Cubes\large\AQD_LG_Tarp_3x3_Net.fbx: WARNING: 
    Model contains degenerated triangle (indices 1703 1592 1589)
C:\Users\enenra\AppData\Roaming\SpaceEngineers\Mods\A Quantum of Depth\AQD - Tarps\Content\Models\Cubes\large\AQD_LG_Tarp_3x3_Net.fbx: WARNING: 
    Model contains degenerated triangle (indices 1703 1589 1721)
C:\Users\enenra\AppData\Roaming\SpaceEngineers\Mods\A Quantum of Depth\AQD - Tarps\Content\Models\Cubes\large\AQD_LG_Tarp_3x3_Net.fbx: WARNING: 
    Model contains degenerated triangle (indices 1882 1612 1613)
C:\Users\enenra\AppData\Roaming\SpaceEngineers\Mods\A Quantum of Depth\AQD - Tarps\Content\Models\Cubes\large\AQD_LG_Tarp_3x3_Net.fbx: WARNING: 
    Model contains degenerated triangle (indices 1882 1613 1809)
C:\Users\enenra\AppData\Roaming\SpaceEngineers\Mods\A Quantum of Depth\AQD - Tarps\Content\Models\Cubes\large\AQD_LG_Tarp_3x3_Net.fbx: WARNING: 
    Model contains degenerated triangle (indices 1617 1892 1855)
C:\Users\enenra\AppData\Roaming\SpaceEngineers\Mods\A Quantum of Depth\AQD - Tarps\Content\Models\Cubes\large\AQD_LG_Tarp_3x3_Net.fbx: WARNING: 
    Model contains degenerated triangle (indices 1617 1855 1616)
C:\Users\enenra\AppData\Roaming\SpaceEngineers\Mods\A Quantum of Depth\AQD - Tarps\Content\Models\Cubes\large\AQD_LG_Tarp_3x3_Net.fbx: WARNING: 
    Model contains degenerated triangle (indices 2168 2167 2166)
C:\Users\enenra\AppData\Roaming\SpaceEngineers\Mods\A Quantum of Depth\AQD - Tarps\Content\Models\Cubes\large\AQD_LG_Tarp_3x3_Net.fbx: WARNING: 
    Model contains degenerated triangle (indices 2170 2169 2168)
C:\Users\enenra\AppData\Roaming\SpaceEngineers\Mods\A Quantum of Depth\AQD - Tarps\Content\Models\Cubes\large\AQD_LG_Tarp_3x3_Net.fbx: WARNING: 
    Model contains degenerated triangle (indices 2198 2197 2196)
C:\Users\enenra\AppData\Roaming\SpaceEngineers\Mods\A Quantum of Depth\AQD - Tarps\Content\Models\Cubes\large\AQD_LG_Tarp_3x3_Net.fbx: WARNING: 
    Model contains degenerated triangle (indices 2201 2200 2199)
C:\Users\enenra\AppData\Roaming\SpaceEngineers\Mods\A Quantum of Depth\AQD - Tarps\Content\Models\Cubes\large\AQD_LG_Tarp_3x3_Net.fbx: WARNING: 
    Model contains degenerated triangle (indices 2216 2214 2105)
C:\Users\enenra\AppData\Roaming\SpaceEngineers\Mods\A Quantum of Depth\AQD - Tarps\Content\Models\Cubes\large\AQD_LG_Tarp_3x3_Net.fbx: WARNING: 
    Model contains degenerated triangle (indices 2227 2225 2104)
C:\Users\enenra\AppData\Roaming\SpaceEngineers\Mods\A Quantum of Depth\AQD - Tarps\Content\Models\Cubes\large\AQD_LG_Tarp_3x3_Net.fbx: WARNING: 
    Model contains degenerated triangle (indices 2236 2234 2102)
C:\Users\enenra\AppData\Roaming\SpaceEngineers\Mods\A Quantum of Depth\AQD - Tarps\Content\Models\Cubes\large\AQD_LG_Tarp_3x3_Net.fbx: WARNING: 
    Model contains degenerated triangle (indices 2243 2241 2103)
C:\Users\enenra\AppData\Roaming\SpaceEngineers\Mods\A Quantum of Depth\AQD - Tarps\Content\Models\Cubes\large\AQD_LG_Tarp_3x3_Net.fbx: WARNING: 
    Model contains degenerated triangle (indices 2281 2280 2279)
C:\Users\enenra\AppData\Roaming\SpaceEngineers\Mods\A Quantum of Depth\AQD - Tarps\Content\Models\Cubes\large\AQD_LG_Tarp_3x3_Net.fbx: WARNING: 
    Model contains degenerated triangle (indices 2281 2279 2278)
C:\Users\enenra\AppData\Roaming\SpaceEngineers\Mods\A Quantum of Depth\AQD - Tarps\Content\Models\Cubes\large\AQD_LG_Tarp_3x3_Net.fbx: WARNING: 
    Model contains degenerated triangle (indices 2284 2283 2282)
C:\Users\enenra\AppData\Roaming\SpaceEngineers\Mods\A Quantum of Depth\AQD - Tarps\Content\Models\Cubes\large\AQD_LG_Tarp_3x3_Net.fbx: WARNING: 
    Model contains degenerated triangle (indices 2287 2286 2285)
C:\Users\enenra\AppData\Roaming\SpaceEngineers\Mods\A Quantum of Depth\AQD - Tarps\Content\Models\Cubes\large\AQD_LG_Tarp_3x3_Net.fbx: WARNING: 
    Model contains degenerated triangle (indices 2291 2290 2289)
C:\Users\enenra\AppData\Roaming\SpaceEngineers\Mods\A Quantum of Depth\AQD - Tarps\Content\Models\Cubes\large\AQD_LG_Tarp_3x3_Net.fbx: WARNING: 
    Model contains degenerated triangle (indices 2291 2289 2288)
C:\Users\enenra\AppData\Roaming\SpaceEngineers\Mods\A Quantum of Depth\AQD - Tarps\Content\Models\Cubes\large\AQD_LG_Tarp_3x3_Net.fbx: WARNING: 
    Model contains degenerated triangle (indices 2324 2322 2126)
C:\Users\enenra\AppData\Roaming\SpaceEngineers\Mods\A Quantum of Depth\AQD - Tarps\Content\Models\Cubes\large\AQD_LG_Tarp_3x3_Net.fbx: WARNING: 
    Model contains degenerated triangle (indices 2344 2343 2342)
C:\Users\enenra\AppData\Roaming\SpaceEngineers\Mods\A Quantum of Depth\AQD - Tarps\Content\Models\Cubes\large\AQD_LG_Tarp_3x3_Net.fbx: WARNING: 
    Model contains degenerated triangle (indices 2347 2346 2345)
C:\Users\enenra\AppData\Roaming\SpaceEngineers\Mods\A Quantum of Depth\AQD - Tarps\Content\Models\Cubes\large\AQD_LG_Tarp_3x3_Net.fbx: WARNING: 
    Model contains degenerated triangle (indices 2353 2352 2351)
C:\Users\enenra\AppData\Roaming\SpaceEngineers\Mods\A Quantum of Depth\AQD - Tarps\Content\Models\Cubes\large\AQD_LG_Tarp_3x3_Net.fbx: WARNING: 
    Model contains degenerated triangle (indices 2356 2355 2354)
C:\Users\enenra\AppData\Roaming\SpaceEngineers\Mods\A Quantum of Depth\AQD - Tarps\Content\Models\Cubes\large\AQD_LG_Tarp_3x3_Net.fbx: WARNING: 
    Model contains degenerated triangle (indices 2368 2366 2129)
C:\Users\enenra\AppData\Roaming\SpaceEngineers\Mods\A Quantum of Depth\AQD - Tarps\Content\Models\Cubes\large\AQD_LG_Tarp_3x3_Net.fbx: WARNING: 
    Model contains degenerated triangle (indices 2395 2393 2125)
C:\Users\enenra\AppData\Roaming\SpaceEngineers\Mods\A Quantum of Depth\AQD - Tarps\Content\Models\Cubes\large\AQD_LG_Tarp_3x3_Net.fbx: WARNING: 
    Model contains degenerated triangle (indices 2407 2405 2130)
C:\Users\enenra\AppData\Roaming\SpaceEngineers\Mods\A Quantum of Depth\AQD - Tarps\Content\Models\Cubes\large\AQD_LG_Tarp_3x3_Net.fbx: WARNING: 
    Model contains degenerated triangle (indices 2243 2103 2104)
C:\Users\enenra\AppData\Roaming\SpaceEngineers\Mods\A Quantum of Depth\AQD - Tarps\Content\Models\Cubes\large\AQD_LG_Tarp_3x3_Net.fbx: WARNING: 
    Model contains degenerated triangle (indices 2243 2104 2225)
C:\Users\enenra\AppData\Roaming\SpaceEngineers\Mods\A Quantum of Depth\AQD - Tarps\Content\Models\Cubes\large\AQD_LG_Tarp_3x3_Net.fbx: WARNING: 
    Model contains degenerated triangle (indices 2216 2105 2102)
C:\Users\enenra\AppData\Roaming\SpaceEngineers\Mods\A Quantum of Depth\AQD - Tarps\Content\Models\Cubes\large\AQD_LG_Tarp_3x3_Net.fbx: WARNING: 
    Model contains degenerated triangle (indices 2216 2102 2234)
C:\Users\enenra\AppData\Roaming\SpaceEngineers\Mods\A Quantum of Depth\AQD - Tarps\Content\Models\Cubes\large\AQD_LG_Tarp_3x3_Net.fbx: WARNING: 
    Model contains degenerated triangle (indices 2395 2125 2126)
C:\Users\enenra\AppData\Roaming\SpaceEngineers\Mods\A Quantum of Depth\AQD - Tarps\Content\Models\Cubes\large\AQD_LG_Tarp_3x3_Net.fbx: WARNING: 
    Model contains degenerated triangle (indices 2395 2126 2322)
C:\Users\enenra\AppData\Roaming\SpaceEngineers\Mods\A Quantum of Depth\AQD - Tarps\Content\Models\Cubes\large\AQD_LG_Tarp_3x3_Net.fbx: WARNING: 
    Model contains degenerated triangle (indices 2130 2405 2368)
C:\Users\enenra\AppData\Roaming\SpaceEngineers\Mods\A Quantum of Depth\AQD - Tarps\Content\Models\Cubes\large\AQD_LG_Tarp_3x3_Net.fbx: WARNING: 
    Model contains degenerated triangle (indices 2130 2368 2129)
C:\Users\enenra\AppData\Roaming\SpaceEngineers\Mods\A Quantum of Depth\AQD - Tarps\Content\Models\Cubes\large\AQD_LG_Tarp_3x3_Net.fbx: WARNING: 
    Model contains degenerated triangle (indices 2681 2680 2679)
C:\Users\enenra\AppData\Roaming\SpaceEngineers\Mods\A Quantum of Depth\AQD - Tarps\Content\Models\Cubes\large\AQD_LG_Tarp_3x3_Net.fbx: WARNING: 
    Model contains degenerated triangle (indices 2679 2683 2682)
C:\Users\enenra\AppData\Roaming\SpaceEngineers\Mods\A Quantum of Depth\AQD - Tarps\Content\Models\Cubes\large\AQD_LG_Tarp_3x3_Net.fbx: WARNING: 
    Model contains degenerated triangle (indices 2711 2710 2709)
C:\Users\enenra\AppData\Roaming\SpaceEngineers\Mods\A Quantum of Depth\AQD - Tarps\Content\Models\Cubes\large\AQD_LG_Tarp_3x3_Net.fbx: WARNING: 
    Model contains degenerated triangle (indices 2714 2713 2712)
C:\Users\enenra\AppData\Roaming\SpaceEngineers\Mods\A Quantum of Depth\AQD - Tarps\Content\Models\Cubes\large\AQD_LG_Tarp_3x3_Net.fbx: WARNING: 
    Model contains degenerated triangle (indices 2729 2727 2616)
C:\Users\enenra\AppData\Roaming\SpaceEngineers\Mods\A Quantum of Depth\AQD - Tarps\Content\Models\Cubes\large\AQD_LG_Tarp_3x3_Net.fbx: WARNING: 
    Model contains degenerated triangle (indices 2740 2738 2617)
C:\Users\enenra\AppData\Roaming\SpaceEngineers\Mods\A Quantum of Depth\AQD - Tarps\Content\Models\Cubes\large\AQD_LG_Tarp_3x3_Net.fbx: WARNING: 
    Model contains degenerated triangle (indices 2745 2748 2615)
C:\Users\enenra\AppData\Roaming\SpaceEngineers\Mods\A Quantum of Depth\AQD - Tarps\Content\Models\Cubes\large\AQD_LG_Tarp_3x3_Net.fbx: WARNING: 
    Model contains degenerated triangle (indices 2756 2754 2618)
C:\Users\enenra\AppData\Roaming\SpaceEngineers\Mods\A Quantum of Depth\AQD - Tarps\Content\Models\Cubes\large\AQD_LG_Tarp_3x3_Net.fbx: WARNING: 
    Model contains degenerated triangle (indices 2793 2792 2791)
C:\Users\enenra\AppData\Roaming\SpaceEngineers\Mods\A Quantum of Depth\AQD - Tarps\Content\Models\Cubes\large\AQD_LG_Tarp_3x3_Net.fbx: WARNING: 
    Model contains degenerated triangle (indices 2793 2791 2648)
C:\Users\enenra\AppData\Roaming\SpaceEngineers\Mods\A Quantum of Depth\AQD - Tarps\Content\Models\Cubes\large\AQD_LG_Tarp_3x3_Net.fbx: WARNING: 
    Model contains degenerated triangle (indices 2796 2795 2794)
C:\Users\enenra\AppData\Roaming\SpaceEngineers\Mods\A Quantum of Depth\AQD - Tarps\Content\Models\Cubes\large\AQD_LG_Tarp_3x3_Net.fbx: WARNING: 
    Model contains degenerated triangle (indices 2799 2798 2797)
C:\Users\enenra\AppData\Roaming\SpaceEngineers\Mods\A Quantum of Depth\AQD - Tarps\Content\Models\Cubes\large\AQD_LG_Tarp_3x3_Net.fbx: WARNING: 
    Model contains degenerated triangle (indices 2803 2802 2801)
C:\Users\enenra\AppData\Roaming\SpaceEngineers\Mods\A Quantum of Depth\AQD - Tarps\Content\Models\Cubes\large\AQD_LG_Tarp_3x3_Net.fbx: WARNING: 
    Model contains degenerated triangle (indices 2803 2801 2800)
C:\Users\enenra\AppData\Roaming\SpaceEngineers\Mods\A Quantum of Depth\AQD - Tarps\Content\Models\Cubes\large\AQD_LG_Tarp_3x3_Net.fbx: WARNING: 
    Model contains degenerated triangle (indices 2836 2834 2638)
C:\Users\enenra\AppData\Roaming\SpaceEngineers\Mods\A Quantum of Depth\AQD - Tarps\Content\Models\Cubes\large\AQD_LG_Tarp_3x3_Net.fbx: WARNING: 
    Model contains degenerated triangle (indices 2856 2855 2854)
C:\Users\enenra\AppData\Roaming\SpaceEngineers\Mods\A Quantum of Depth\AQD - Tarps\Content\Models\Cubes\large\AQD_LG_Tarp_3x3_Net.fbx: WARNING: 
    Model contains degenerated triangle (indices 2859 2858 2857)
C:\Users\enenra\AppData\Roaming\SpaceEngineers\Mods\A Quantum of Depth\AQD - Tarps\Content\Models\Cubes\large\AQD_LG_Tarp_3x3_Net.fbx: WARNING: 
    Model contains degenerated triangle (indices 2865 2864 2863)
C:\Users\enenra\AppData\Roaming\SpaceEngineers\Mods\A Quantum of Depth\AQD - Tarps\Content\Models\Cubes\large\AQD_LG_Tarp_3x3_Net.fbx: WARNING: 
    Model contains degenerated triangle (indices 2868 2867 2866)
C:\Users\enenra\AppData\Roaming\SpaceEngineers\Mods\A Quantum of Depth\AQD - Tarps\Content\Models\Cubes\large\AQD_LG_Tarp_3x3_Net.fbx: WARNING: 
    Model contains degenerated triangle (indices 2880 2878 2643)
C:\Users\enenra\AppData\Roaming\SpaceEngineers\Mods\A Quantum of Depth\AQD - Tarps\Content\Models\Cubes\large\AQD_LG_Tarp_3x3_Net.fbx: WARNING: 
    Model contains degenerated triangle (indices 2907 2905 2639)
C:\Users\enenra\AppData\Roaming\SpaceEngineers\Mods\A Quantum of Depth\AQD - Tarps\Content\Models\Cubes\large\AQD_LG_Tarp_3x3_Net.fbx: WARNING: 
    Model contains degenerated triangle (indices 2919 2917 2642)
C:\Users\enenra\AppData\Roaming\SpaceEngineers\Mods\A Quantum of Depth\AQD - Tarps\Content\Models\Cubes\large\AQD_LG_Tarp_3x3_Net.fbx: WARNING: 
    Model contains degenerated triangle (indices 2617 2618 2754)
C:\Users\enenra\AppData\Roaming\SpaceEngineers\Mods\A Quantum of Depth\AQD - Tarps\Content\Models\Cubes\large\AQD_LG_Tarp_3x3_Net.fbx: WARNING: 
    Model contains degenerated triangle (indices 2617 2754 2740)
C:\Users\enenra\AppData\Roaming\SpaceEngineers\Mods\A Quantum of Depth\AQD - Tarps\Content\Models\Cubes\large\AQD_LG_Tarp_3x3_Net.fbx: WARNING: 
    Model contains degenerated triangle (indices 2615 2616 2727)
C:\Users\enenra\AppData\Roaming\SpaceEngineers\Mods\A Quantum of Depth\AQD - Tarps\Content\Models\Cubes\large\AQD_LG_Tarp_3x3_Net.fbx: WARNING: 
    Model contains degenerated triangle (indices 2615 2727 2745)
C:\Users\enenra\AppData\Roaming\SpaceEngineers\Mods\A Quantum of Depth\AQD - Tarps\Content\Models\Cubes\large\AQD_LG_Tarp_3x3_Net.fbx: WARNING: 
    Model contains degenerated triangle (indices 2638 2639 2905)
C:\Users\enenra\AppData\Roaming\SpaceEngineers\Mods\A Quantum of Depth\AQD - Tarps\Content\Models\Cubes\large\AQD_LG_Tarp_3x3_Net.fbx: WARNING: 
    Model contains degenerated triangle (indices 2638 2905 2836)
C:\Users\enenra\AppData\Roaming\SpaceEngineers\Mods\A Quantum of Depth\AQD - Tarps\Content\Models\Cubes\large\AQD_LG_Tarp_3x3_Net.fbx: WARNING: 
    Model contains degenerated triangle (indices 2878 2919 2642)
C:\Users\enenra\AppData\Roaming\SpaceEngineers\Mods\A Quantum of Depth\AQD - Tarps\Content\Models\Cubes\large\AQD_LG_Tarp_3x3_Net.fbx: WARNING: 
    Model contains degenerated triangle (indices 2878 2642 2643)
C:\Users\enenra\AppData\Roaming\SpaceEngineers\Mods\A Quantum of Depth\AQD - Tarps\Content\Models\Cubes\large\AQD_LG_Tarp_3x3_Net.fbx: 
    : Finished in 0.2s
: 
    **FileName: C:\Users\enenra\AppData\Roaming\SpaceEngineers\Mods\A Quantum of Depth\AQD - Tarps\Content\Models\Cubes\large\AQD_LG_Tarp_3x3_Net_LOD1.fbx
: 
    **Filename (without extension): AQD_LG_Tarp_3x3_Net_LOD1
: 
    **Directory Name: C:\Users\enenra\AppData\Roaming\SpaceEngineers\Mods\A Quantum of Depth\AQD - Tarps\Content\Models\Cubes\large
: 
    **Number of characters to cull: 91
: 
    **Culled Path: Models\Cubes\large
Meshes: 
    Found 9 meshe(s).
Animations: 
    Found 0 animation(s).
C:\Users\enenra\AppData\Roaming\SpaceEngineers\Mods\A Quantum of Depth\AQD - Tarps\Content\Models\Cubes\large\AQD_LG_Tarp_3x3_Net_LOD1.fbx: WARNING: 
    Material: BraidedSteel is already defined in the processor. Not adding it again..
C:\Users\enenra\AppData\Roaming\SpaceEngineers\Mods\A Quantum of Depth\AQD - Tarps\Content\Models\Cubes\large\AQD_LG_Tarp_3x3_Net_LOD1.fbx: 
    : Finished in 0.2s
: 
    **FileName: C:\Users\enenra\AppData\Roaming\SpaceEngineers\Mods\A Quantum of Depth\AQD - Tarps\Content\Models\Cubes\large\AQD_LG_Tarp_3x3_Net_BS1.fbx
: 
    **Filename (without extension): AQD_LG_Tarp_3x3_Net_BS1
: 
    **Directory Name: C:\Users\enenra\AppData\Roaming\SpaceEngineers\Mods\A Quantum of Depth\AQD - Tarps\Content\Models\Cubes\large
: 
    **Number of characters to cull: 91
: 
    **Culled Path: Models\Cubes\large
Meshes: 
    Found 3 meshe(s).
Animations: 
    Found 0 animation(s).
: WARNING: 
    Assimp.Meshhas UV with 3 identical vectors in a row, this likely means you have a face with an UV is 0-size which will cause SE to make the entire model shaderless.
C:\Users\enenra\AppData\Roaming\SpaceEngineers\Mods\A Quantum of Depth\AQD - Tarps\Content\Models\Cubes\large\AQD_LG_Tarp_3x3_Net_BS1.fbx: WARNING: 
    Model contains degenerated triangle (indices 130 129 128)
C:\Users\enenra\AppData\Roaming\SpaceEngineers\Mods\A Quantum of Depth\AQD - Tarps\Content\Models\Cubes\large\AQD_LG_Tarp_3x3_Net_BS1.fbx: WARNING: 
    Model contains degenerated triangle (indices 128 132 131)
C:\Users\enenra\AppData\Roaming\SpaceEngineers\Mods\A Quantum of Depth\AQD - Tarps\Content\Models\Cubes\large\AQD_LG_Tarp_3x3_Net_BS1.fbx: WARNING: 
    Model contains degenerated triangle (indices 160 159 158)
C:\Users\enenra\AppData\Roaming\SpaceEngineers\Mods\A Quantum of Depth\AQD - Tarps\Content\Models\Cubes\large\AQD_LG_Tarp_3x3_Net_BS1.fbx: WARNING: 
    Model contains degenerated triangle (indices 163 162 161)
C:\Users\enenra\AppData\Roaming\SpaceEngineers\Mods\A Quantum of Depth\AQD - Tarps\Content\Models\Cubes\large\AQD_LG_Tarp_3x3_Net_BS1.fbx: WARNING: 
    Model contains degenerated triangle (indices 178 176 65)
C:\Users\enenra\AppData\Roaming\SpaceEngineers\Mods\A Quantum of Depth\AQD - Tarps\Content\Models\Cubes\large\AQD_LG_Tarp_3x3_Net_BS1.fbx: WARNING: 
    Model contains degenerated triangle (indices 189 187 66)
C:\Users\enenra\AppData\Roaming\SpaceEngineers\Mods\A Quantum of Depth\AQD - Tarps\Content\Models\Cubes\large\AQD_LG_Tarp_3x3_Net_BS1.fbx: WARNING: 
    Model contains degenerated triangle (indices 194 197 64)
C:\Users\enenra\AppData\Roaming\SpaceEngineers\Mods\A Quantum of Depth\AQD - Tarps\Content\Models\Cubes\large\AQD_LG_Tarp_3x3_Net_BS1.fbx: WARNING: 
    Model contains degenerated triangle (indices 205 203 67)
C:\Users\enenra\AppData\Roaming\SpaceEngineers\Mods\A Quantum of Depth\AQD - Tarps\Content\Models\Cubes\large\AQD_LG_Tarp_3x3_Net_BS1.fbx: WARNING: 
    Model contains degenerated triangle (indices 242 241 240)
C:\Users\enenra\AppData\Roaming\SpaceEngineers\Mods\A Quantum of Depth\AQD - Tarps\Content\Models\Cubes\large\AQD_LG_Tarp_3x3_Net_BS1.fbx: WARNING: 
    Model contains degenerated triangle (indices 242 240 97)
C:\Users\enenra\AppData\Roaming\SpaceEngineers\Mods\A Quantum of Depth\AQD - Tarps\Content\Models\Cubes\large\AQD_LG_Tarp_3x3_Net_BS1.fbx: WARNING: 
    Model contains degenerated triangle (indices 245 244 243)
C:\Users\enenra\AppData\Roaming\SpaceEngineers\Mods\A Quantum of Depth\AQD - Tarps\Content\Models\Cubes\large\AQD_LG_Tarp_3x3_Net_BS1.fbx: WARNING: 
    Model contains degenerated triangle (indices 248 247 246)
C:\Users\enenra\AppData\Roaming\SpaceEngineers\Mods\A Quantum of Depth\AQD - Tarps\Content\Models\Cubes\large\AQD_LG_Tarp_3x3_Net_BS1.fbx: WARNING: 
    Model contains degenerated triangle (indices 252 251 250)
C:\Users\enenra\AppData\Roaming\SpaceEngineers\Mods\A Quantum of Depth\AQD - Tarps\Content\Models\Cubes\large\AQD_LG_Tarp_3x3_Net_BS1.fbx: WARNING: 
    Model contains degenerated triangle (indices 252 250 249)
C:\Users\enenra\AppData\Roaming\SpaceEngineers\Mods\A Quantum of Depth\AQD - Tarps\Content\Models\Cubes\large\AQD_LG_Tarp_3x3_Net_BS1.fbx: WARNING: 
    Model contains degenerated triangle (indices 285 283 87)
C:\Users\enenra\AppData\Roaming\SpaceEngineers\Mods\A Quantum of Depth\AQD - Tarps\Content\Models\Cubes\large\AQD_LG_Tarp_3x3_Net_BS1.fbx: WARNING: 
    Model contains degenerated triangle (indices 305 304 303)
C:\Users\enenra\AppData\Roaming\SpaceEngineers\Mods\A Quantum of Depth\AQD - Tarps\Content\Models\Cubes\large\AQD_LG_Tarp_3x3_Net_BS1.fbx: WARNING: 
    Model contains degenerated triangle (indices 308 307 306)
C:\Users\enenra\AppData\Roaming\SpaceEngineers\Mods\A Quantum of Depth\AQD - Tarps\Content\Models\Cubes\large\AQD_LG_Tarp_3x3_Net_BS1.fbx: WARNING: 
    Model contains degenerated triangle (indices 314 313 312)
C:\Users\enenra\AppData\Roaming\SpaceEngineers\Mods\A Quantum of Depth\AQD - Tarps\Content\Models\Cubes\large\AQD_LG_Tarp_3x3_Net_BS1.fbx: WARNING: 
    Model contains degenerated triangle (indices 317 316 315)
C:\Users\enenra\AppData\Roaming\SpaceEngineers\Mods\A Quantum of Depth\AQD - Tarps\Content\Models\Cubes\large\AQD_LG_Tarp_3x3_Net_BS1.fbx: WARNING: 
    Model contains degenerated triangle (indices 329 327 92)
C:\Users\enenra\AppData\Roaming\SpaceEngineers\Mods\A Quantum of Depth\AQD - Tarps\Content\Models\Cubes\large\AQD_LG_Tarp_3x3_Net_BS1.fbx: WARNING: 
    Model contains degenerated triangle (indices 356 354 88)
C:\Users\enenra\AppData\Roaming\SpaceEngineers\Mods\A Quantum of Depth\AQD - Tarps\Content\Models\Cubes\large\AQD_LG_Tarp_3x3_Net_BS1.fbx: WARNING: 
    Model contains degenerated triangle (indices 368 366 91)
C:\Users\enenra\AppData\Roaming\SpaceEngineers\Mods\A Quantum of Depth\AQD - Tarps\Content\Models\Cubes\large\AQD_LG_Tarp_3x3_Net_BS1.fbx: WARNING: 
    Model contains degenerated triangle (indices 66 67 203)
C:\Users\enenra\AppData\Roaming\SpaceEngineers\Mods\A Quantum of Depth\AQD - Tarps\Content\Models\Cubes\large\AQD_LG_Tarp_3x3_Net_BS1.fbx: WARNING: 
    Model contains degenerated triangle (indices 66 203 189)
C:\Users\enenra\AppData\Roaming\SpaceEngineers\Mods\A Quantum of Depth\AQD - Tarps\Content\Models\Cubes\large\AQD_LG_Tarp_3x3_Net_BS1.fbx: WARNING: 
    Model contains degenerated triangle (indices 64 65 176)
C:\Users\enenra\AppData\Roaming\SpaceEngineers\Mods\A Quantum of Depth\AQD - Tarps\Content\Models\Cubes\large\AQD_LG_Tarp_3x3_Net_BS1.fbx: WARNING: 
    Model contains degenerated triangle (indices 64 176 194)
C:\Users\enenra\AppData\Roaming\SpaceEngineers\Mods\A Quantum of Depth\AQD - Tarps\Content\Models\Cubes\large\AQD_LG_Tarp_3x3_Net_BS1.fbx: WARNING: 
    Model contains degenerated triangle (indices 87 88 354)
C:\Users\enenra\AppData\Roaming\SpaceEngineers\Mods\A Quantum of Depth\AQD - Tarps\Content\Models\Cubes\large\AQD_LG_Tarp_3x3_Net_BS1.fbx: WARNING: 
    Model contains degenerated triangle (indices 87 354 285)
C:\Users\enenra\AppData\Roaming\SpaceEngineers\Mods\A Quantum of Depth\AQD - Tarps\Content\Models\Cubes\large\AQD_LG_Tarp_3x3_Net_BS1.fbx: WARNING: 
    Model contains degenerated triangle (indices 327 368 91)
C:\Users\enenra\AppData\Roaming\SpaceEngineers\Mods\A Quantum of Depth\AQD - Tarps\Content\Models\Cubes\large\AQD_LG_Tarp_3x3_Net_BS1.fbx: WARNING: 
    Model contains degenerated triangle (indices 327 91 92)
C:\Users\enenra\AppData\Roaming\SpaceEngineers\Mods\A Quantum of Depth\AQD - Tarps\Content\Models\Cubes\large\AQD_LG_Tarp_3x3_Net_BS1.fbx: WARNING: 
    Model contains degenerated triangle (indices 642 641 640)
C:\Users\enenra\AppData\Roaming\SpaceEngineers\Mods\A Quantum of Depth\AQD - Tarps\Content\Models\Cubes\large\AQD_LG_Tarp_3x3_Net_BS1.fbx: WARNING: 
    Model contains degenerated triangle (indices 644 643 642)
C:\Users\enenra\AppData\Roaming\SpaceEngineers\Mods\A Quantum of Depth\AQD - Tarps\Content\Models\Cubes\large\AQD_LG_Tarp_3x3_Net_BS1.fbx: WARNING: 
    Model contains degenerated triangle (indices 672 671 670)
C:\Users\enenra\AppData\Roaming\SpaceEngineers\Mods\A Quantum of Depth\AQD - Tarps\Content\Models\Cubes\large\AQD_LG_Tarp_3x3_Net_BS1.fbx: WARNING: 
    Model contains degenerated triangle (indices 675 674 673)
C:\Users\enenra\AppData\Roaming\SpaceEngineers\Mods\A Quantum of Depth\AQD - Tarps\Content\Models\Cubes\large\AQD_LG_Tarp_3x3_Net_BS1.fbx: WARNING: 
    Model contains degenerated triangle (indices 690 688 579)
C:\Users\enenra\AppData\Roaming\SpaceEngineers\Mods\A Quantum of Depth\AQD - Tarps\Content\Models\Cubes\large\AQD_LG_Tarp_3x3_Net_BS1.fbx: WARNING: 
    Model contains degenerated triangle (indices 701 699 578)
C:\Users\enenra\AppData\Roaming\SpaceEngineers\Mods\A Quantum of Depth\AQD - Tarps\Content\Models\Cubes\large\AQD_LG_Tarp_3x3_Net_BS1.fbx: WARNING: 
    Model contains degenerated triangle (indices 710 708 576)
C:\Users\enenra\AppData\Roaming\SpaceEngineers\Mods\A Quantum of Depth\AQD - Tarps\Content\Models\Cubes\large\AQD_LG_Tarp_3x3_Net_BS1.fbx: WARNING: 
    Model contains degenerated triangle (indices 717 715 577)
C:\Users\enenra\AppData\Roaming\SpaceEngineers\Mods\A Quantum of Depth\AQD - Tarps\Content\Models\Cubes\large\AQD_LG_Tarp_3x3_Net_BS1.fbx: WARNING: 
    Model contains degenerated triangle (indices 755 754 753)
C:\Users\enenra\AppData\Roaming\SpaceEngineers\Mods\A Quantum of Depth\AQD - Tarps\Content\Models\Cubes\large\AQD_LG_Tarp_3x3_Net_BS1.fbx: WARNING: 
    Model contains degenerated triangle (indices 755 753 752)
C:\Users\enenra\AppData\Roaming\SpaceEngineers\Mods\A Quantum of Depth\AQD - Tarps\Content\Models\Cubes\large\AQD_LG_Tarp_3x3_Net_BS1.fbx: WARNING: 
    Model contains degenerated triangle (indices 758 757 756)
C:\Users\enenra\AppData\Roaming\SpaceEngineers\Mods\A Quantum of Depth\AQD - Tarps\Content\Models\Cubes\large\AQD_LG_Tarp_3x3_Net_BS1.fbx: WARNING: 
    Model contains degenerated triangle (indices 761 760 759)
C:\Users\enenra\AppData\Roaming\SpaceEngineers\Mods\A Quantum of Depth\AQD - Tarps\Content\Models\Cubes\large\AQD_LG_Tarp_3x3_Net_BS1.fbx: WARNING: 
    Model contains degenerated triangle (indices 765 764 763)
C:\Users\enenra\AppData\Roaming\SpaceEngineers\Mods\A Quantum of Depth\AQD - Tarps\Content\Models\Cubes\large\AQD_LG_Tarp_3x3_Net_BS1.fbx: WARNING: 
    Model contains degenerated triangle (indices 765 763 762)
C:\Users\enenra\AppData\Roaming\SpaceEngineers\Mods\A Quantum of Depth\AQD - Tarps\Content\Models\Cubes\large\AQD_LG_Tarp_3x3_Net_BS1.fbx: WARNING: 
    Model contains degenerated triangle (indices 798 796 600)
C:\Users\enenra\AppData\Roaming\SpaceEngineers\Mods\A Quantum of Depth\AQD - Tarps\Content\Models\Cubes\large\AQD_LG_Tarp_3x3_Net_BS1.fbx: WARNING: 
    Model contains degenerated triangle (indices 818 817 816)
C:\Users\enenra\AppData\Roaming\SpaceEngineers\Mods\A Quantum of Depth\AQD - Tarps\Content\Models\Cubes\large\AQD_LG_Tarp_3x3_Net_BS1.fbx: WARNING: 
    Model contains degenerated triangle (indices 821 820 819)
C:\Users\enenra\AppData\Roaming\SpaceEngineers\Mods\A Quantum of Depth\AQD - Tarps\Content\Models\Cubes\large\AQD_LG_Tarp_3x3_Net_BS1.fbx: WARNING: 
    Model contains degenerated triangle (indices 827 826 825)
C:\Users\enenra\AppData\Roaming\SpaceEngineers\Mods\A Quantum of Depth\AQD - Tarps\Content\Models\Cubes\large\AQD_LG_Tarp_3x3_Net_BS1.fbx: WARNING: 
    Model contains degenerated triangle (indices 830 829 828)
C:\Users\enenra\AppData\Roaming\SpaceEngineers\Mods\A Quantum of Depth\AQD - Tarps\Content\Models\Cubes\large\AQD_LG_Tarp_3x3_Net_BS1.fbx: WARNING: 
    Model contains degenerated triangle (indices 842 840 603)
C:\Users\enenra\AppData\Roaming\SpaceEngineers\Mods\A Quantum of Depth\AQD - Tarps\Content\Models\Cubes\large\AQD_LG_Tarp_3x3_Net_BS1.fbx: WARNING: 
    Model contains degenerated triangle (indices 869 867 599)
C:\Users\enenra\AppData\Roaming\SpaceEngineers\Mods\A Quantum of Depth\AQD - Tarps\Content\Models\Cubes\large\AQD_LG_Tarp_3x3_Net_BS1.fbx: WARNING: 
    Model contains degenerated triangle (indices 881 879 604)
C:\Users\enenra\AppData\Roaming\SpaceEngineers\Mods\A Quantum of Depth\AQD - Tarps\Content\Models\Cubes\large\AQD_LG_Tarp_3x3_Net_BS1.fbx: WARNING: 
    Model contains degenerated triangle (indices 717 577 578)
C:\Users\enenra\AppData\Roaming\SpaceEngineers\Mods\A Quantum of Depth\AQD - Tarps\Content\Models\Cubes\large\AQD_LG_Tarp_3x3_Net_BS1.fbx: WARNING: 
    Model contains degenerated triangle (indices 717 578 699)
C:\Users\enenra\AppData\Roaming\SpaceEngineers\Mods\A Quantum of Depth\AQD - Tarps\Content\Models\Cubes\large\AQD_LG_Tarp_3x3_Net_BS1.fbx: WARNING: 
    Model contains degenerated triangle (indices 690 579 576)
C:\Users\enenra\AppData\Roaming\SpaceEngineers\Mods\A Quantum of Depth\AQD - Tarps\Content\Models\Cubes\large\AQD_LG_Tarp_3x3_Net_BS1.fbx: WARNING: 
    Model contains degenerated triangle (indices 690 576 708)
C:\Users\enenra\AppData\Roaming\SpaceEngineers\Mods\A Quantum of Depth\AQD - Tarps\Content\Models\Cubes\large\AQD_LG_Tarp_3x3_Net_BS1.fbx: WARNING: 
    Model contains degenerated triangle (indices 869 599 600)
C:\Users\enenra\AppData\Roaming\SpaceEngineers\Mods\A Quantum of Depth\AQD - Tarps\Content\Models\Cubes\large\AQD_LG_Tarp_3x3_Net_BS1.fbx: WARNING: 
    Model contains degenerated triangle (indices 869 600 796)
C:\Users\enenra\AppData\Roaming\SpaceEngineers\Mods\A Quantum of Depth\AQD - Tarps\Content\Models\Cubes\large\AQD_LG_Tarp_3x3_Net_BS1.fbx: WARNING: 
    Model contains degenerated triangle (indices 604 879 842)
C:\Users\enenra\AppData\Roaming\SpaceEngineers\Mods\A Quantum of Depth\AQD - Tarps\Content\Models\Cubes\large\AQD_LG_Tarp_3x3_Net_BS1.fbx: WARNING: 
    Model contains degenerated triangle (indices 604 842 603)
C:\Users\enenra\AppData\Roaming\SpaceEngineers\Mods\A Quantum of Depth\AQD - Tarps\Content\Models\Cubes\large\AQD_LG_Tarp_3x3_Net_BS1.fbx: WARNING: 
    Model contains degenerated triangle (indices 1155 1154 1153)
C:\Users\enenra\AppData\Roaming\SpaceEngineers\Mods\A Quantum of Depth\AQD - Tarps\Content\Models\Cubes\large\AQD_LG_Tarp_3x3_Net_BS1.fbx: WARNING: 
    Model contains degenerated triangle (indices 1157 1156 1155)
C:\Users\enenra\AppData\Roaming\SpaceEngineers\Mods\A Quantum of Depth\AQD - Tarps\Content\Models\Cubes\large\AQD_LG_Tarp_3x3_Net_BS1.fbx: WARNING: 
    Model contains degenerated triangle (indices 1185 1184 1183)
C:\Users\enenra\AppData\Roaming\SpaceEngineers\Mods\A Quantum of Depth\AQD - Tarps\Content\Models\Cubes\large\AQD_LG_Tarp_3x3_Net_BS1.fbx: WARNING: 
    Model contains degenerated triangle (indices 1188 1187 1186)
C:\Users\enenra\AppData\Roaming\SpaceEngineers\Mods\A Quantum of Depth\AQD - Tarps\Content\Models\Cubes\large\AQD_LG_Tarp_3x3_Net_BS1.fbx: WARNING: 
    Model contains degenerated triangle (indices 1203 1201 1092)
C:\Users\enenra\AppData\Roaming\SpaceEngineers\Mods\A Quantum of Depth\AQD - Tarps\Content\Models\Cubes\large\AQD_LG_Tarp_3x3_Net_BS1.fbx: WARNING: 
    Model contains degenerated triangle (indices 1214 1212 1091)
C:\Users\enenra\AppData\Roaming\SpaceEngineers\Mods\A Quantum of Depth\AQD - Tarps\Content\Models\Cubes\large\AQD_LG_Tarp_3x3_Net_BS1.fbx: WARNING: 
    Model contains degenerated triangle (indices 1223 1221 1089)
C:\Users\enenra\AppData\Roaming\SpaceEngineers\Mods\A Quantum of Depth\AQD - Tarps\Content\Models\Cubes\large\AQD_LG_Tarp_3x3_Net_BS1.fbx: WARNING: 
    Model contains degenerated triangle (indices 1230 1228 1090)
C:\Users\enenra\AppData\Roaming\SpaceEngineers\Mods\A Quantum of Depth\AQD - Tarps\Content\Models\Cubes\large\AQD_LG_Tarp_3x3_Net_BS1.fbx: WARNING: 
    Model contains degenerated triangle (indices 1268 1267 1266)
C:\Users\enenra\AppData\Roaming\SpaceEngineers\Mods\A Quantum of Depth\AQD - Tarps\Content\Models\Cubes\large\AQD_LG_Tarp_3x3_Net_BS1.fbx: WARNING: 
    Model contains degenerated triangle (indices 1268 1266 1265)
C:\Users\enenra\AppData\Roaming\SpaceEngineers\Mods\A Quantum of Depth\AQD - Tarps\Content\Models\Cubes\large\AQD_LG_Tarp_3x3_Net_BS1.fbx: WARNING: 
    Model contains degenerated triangle (indices 1271 1270 1269)
C:\Users\enenra\AppData\Roaming\SpaceEngineers\Mods\A Quantum of Depth\AQD - Tarps\Content\Models\Cubes\large\AQD_LG_Tarp_3x3_Net_BS1.fbx: WARNING: 
    Model contains degenerated triangle (indices 1274 1273 1272)
C:\Users\enenra\AppData\Roaming\SpaceEngineers\Mods\A Quantum of Depth\AQD - Tarps\Content\Models\Cubes\large\AQD_LG_Tarp_3x3_Net_BS1.fbx: WARNING: 
    Model contains degenerated triangle (indices 1278 1277 1276)
C:\Users\enenra\AppData\Roaming\SpaceEngineers\Mods\A Quantum of Depth\AQD - Tarps\Content\Models\Cubes\large\AQD_LG_Tarp_3x3_Net_BS1.fbx: WARNING: 
    Model contains degenerated triangle (indices 1278 1276 1275)
C:\Users\enenra\AppData\Roaming\SpaceEngineers\Mods\A Quantum of Depth\AQD - Tarps\Content\Models\Cubes\large\AQD_LG_Tarp_3x3_Net_BS1.fbx: WARNING: 
    Model contains degenerated triangle (indices 1311 1309 1113)
C:\Users\enenra\AppData\Roaming\SpaceEngineers\Mods\A Quantum of Depth\AQD - Tarps\Content\Models\Cubes\large\AQD_LG_Tarp_3x3_Net_BS1.fbx: WARNING: 
    Model contains degenerated triangle (indices 1331 1330 1329)
C:\Users\enenra\AppData\Roaming\SpaceEngineers\Mods\A Quantum of Depth\AQD - Tarps\Content\Models\Cubes\large\AQD_LG_Tarp_3x3_Net_BS1.fbx: WARNING: 
    Model contains degenerated triangle (indices 1334 1333 1332)
C:\Users\enenra\AppData\Roaming\SpaceEngineers\Mods\A Quantum of Depth\AQD - Tarps\Content\Models\Cubes\large\AQD_LG_Tarp_3x3_Net_BS1.fbx: WARNING: 
    Model contains degenerated triangle (indices 1340 1339 1338)
C:\Users\enenra\AppData\Roaming\SpaceEngineers\Mods\A Quantum of Depth\AQD - Tarps\Content\Models\Cubes\large\AQD_LG_Tarp_3x3_Net_BS1.fbx: WARNING: 
    Model contains degenerated triangle (indices 1343 1342 1341)
C:\Users\enenra\AppData\Roaming\SpaceEngineers\Mods\A Quantum of Depth\AQD - Tarps\Content\Models\Cubes\large\AQD_LG_Tarp_3x3_Net_BS1.fbx: WARNING: 
    Model contains degenerated triangle (indices 1355 1353 1116)
C:\Users\enenra\AppData\Roaming\SpaceEngineers\Mods\A Quantum of Depth\AQD - Tarps\Content\Models\Cubes\large\AQD_LG_Tarp_3x3_Net_BS1.fbx: WARNING: 
    Model contains degenerated triangle (indices 1382 1380 1112)
C:\Users\enenra\AppData\Roaming\SpaceEngineers\Mods\A Quantum of Depth\AQD - Tarps\Content\Models\Cubes\large\AQD_LG_Tarp_3x3_Net_BS1.fbx: WARNING: 
    Model contains degenerated triangle (indices 1394 1392 1117)
C:\Users\enenra\AppData\Roaming\SpaceEngineers\Mods\A Quantum of Depth\AQD - Tarps\Content\Models\Cubes\large\AQD_LG_Tarp_3x3_Net_BS1.fbx: WARNING: 
    Model contains degenerated triangle (indices 1230 1090 1091)
C:\Users\enenra\AppData\Roaming\SpaceEngineers\Mods\A Quantum of Depth\AQD - Tarps\Content\Models\Cubes\large\AQD_LG_Tarp_3x3_Net_BS1.fbx: WARNING: 
    Model contains degenerated triangle (indices 1230 1091 1212)
C:\Users\enenra\AppData\Roaming\SpaceEngineers\Mods\A Quantum of Depth\AQD - Tarps\Content\Models\Cubes\large\AQD_LG_Tarp_3x3_Net_BS1.fbx: WARNING: 
    Model contains degenerated triangle (indices 1203 1092 1089)
C:\Users\enenra\AppData\Roaming\SpaceEngineers\Mods\A Quantum of Depth\AQD - Tarps\Content\Models\Cubes\large\AQD_LG_Tarp_3x3_Net_BS1.fbx: WARNING: 
    Model contains degenerated triangle (indices 1203 1089 1221)
C:\Users\enenra\AppData\Roaming\SpaceEngineers\Mods\A Quantum of Depth\AQD - Tarps\Content\Models\Cubes\large\AQD_LG_Tarp_3x3_Net_BS1.fbx: WARNING: 
    Model contains degenerated triangle (indices 1382 1112 1113)
C:\Users\enenra\AppData\Roaming\SpaceEngineers\Mods\A Quantum of Depth\AQD - Tarps\Content\Models\Cubes\large\AQD_LG_Tarp_3x3_Net_BS1.fbx: WARNING: 
    Model contains degenerated triangle (indices 1382 1113 1309)
C:\Users\enenra\AppData\Roaming\SpaceEngineers\Mods\A Quantum of Depth\AQD - Tarps\Content\Models\Cubes\large\AQD_LG_Tarp_3x3_Net_BS1.fbx: WARNING: 
    Model contains degenerated triangle (indices 1117 1392 1355)
C:\Users\enenra\AppData\Roaming\SpaceEngineers\Mods\A Quantum of Depth\AQD - Tarps\Content\Models\Cubes\large\AQD_LG_Tarp_3x3_Net_BS1.fbx: WARNING: 
    Model contains degenerated triangle (indices 1117 1355 1116)
C:\Users\enenra\AppData\Roaming\SpaceEngineers\Mods\A Quantum of Depth\AQD - Tarps\Content\Models\Cubes\large\AQD_LG_Tarp_3x3_Net_BS1.fbx: WARNING: 
    Model contains degenerated triangle (indices 1668 1667 1666)
C:\Users\enenra\AppData\Roaming\SpaceEngineers\Mods\A Quantum of Depth\AQD - Tarps\Content\Models\Cubes\large\AQD_LG_Tarp_3x3_Net_BS1.fbx: WARNING: 
    Model contains degenerated triangle (indices 1666 1670 1669)
C:\Users\enenra\AppData\Roaming\SpaceEngineers\Mods\A Quantum of Depth\AQD - Tarps\Content\Models\Cubes\large\AQD_LG_Tarp_3x3_Net_BS1.fbx: WARNING: 
    Model contains degenerated triangle (indices 1698 1697 1696)
C:\Users\enenra\AppData\Roaming\SpaceEngineers\Mods\A Quantum of Depth\AQD - Tarps\Content\Models\Cubes\large\AQD_LG_Tarp_3x3_Net_BS1.fbx: WARNING: 
    Model contains degenerated triangle (indices 1701 1700 1699)
C:\Users\enenra\AppData\Roaming\SpaceEngineers\Mods\A Quantum of Depth\AQD - Tarps\Content\Models\Cubes\large\AQD_LG_Tarp_3x3_Net_BS1.fbx: WARNING: 
    Model contains degenerated triangle (indices 1716 1714 1603)
C:\Users\enenra\AppData\Roaming\SpaceEngineers\Mods\A Quantum of Depth\AQD - Tarps\Content\Models\Cubes\large\AQD_LG_Tarp_3x3_Net_BS1.fbx: WARNING: 
    Model contains degenerated triangle (indices 1727 1725 1604)
C:\Users\enenra\AppData\Roaming\SpaceEngineers\Mods\A Quantum of Depth\AQD - Tarps\Content\Models\Cubes\large\AQD_LG_Tarp_3x3_Net_BS1.fbx: WARNING: 
    Model contains degenerated triangle (indices 1732 1735 1602)
C:\Users\enenra\AppData\Roaming\SpaceEngineers\Mods\A Quantum of Depth\AQD - Tarps\Content\Models\Cubes\large\AQD_LG_Tarp_3x3_Net_BS1.fbx: WARNING: 
    Model contains degenerated triangle (indices 1743 1741 1605)
C:\Users\enenra\AppData\Roaming\SpaceEngineers\Mods\A Quantum of Depth\AQD - Tarps\Content\Models\Cubes\large\AQD_LG_Tarp_3x3_Net_BS1.fbx: WARNING: 
    Model contains degenerated triangle (indices 1780 1779 1778)
C:\Users\enenra\AppData\Roaming\SpaceEngineers\Mods\A Quantum of Depth\AQD - Tarps\Content\Models\Cubes\large\AQD_LG_Tarp_3x3_Net_BS1.fbx: WARNING: 
    Model contains degenerated triangle (indices 1780 1778 1635)
C:\Users\enenra\AppData\Roaming\SpaceEngineers\Mods\A Quantum of Depth\AQD - Tarps\Content\Models\Cubes\large\AQD_LG_Tarp_3x3_Net_BS1.fbx: WARNING: 
    Model contains degenerated triangle (indices 1783 1782 1781)
C:\Users\enenra\AppData\Roaming\SpaceEngineers\Mods\A Quantum of Depth\AQD - Tarps\Content\Models\Cubes\large\AQD_LG_Tarp_3x3_Net_BS1.fbx: WARNING: 
    Model contains degenerated triangle (indices 1786 1785 1784)
C:\Users\enenra\AppData\Roaming\SpaceEngineers\Mods\A Quantum of Depth\AQD - Tarps\Content\Models\Cubes\large\AQD_LG_Tarp_3x3_Net_BS1.fbx: WARNING: 
    Model contains degenerated triangle (indices 1790 1789 1788)
C:\Users\enenra\AppData\Roaming\SpaceEngineers\Mods\A Quantum of Depth\AQD - Tarps\Content\Models\Cubes\large\AQD_LG_Tarp_3x3_Net_BS1.fbx: WARNING: 
    Model contains degenerated triangle (indices 1790 1788 1787)
C:\Users\enenra\AppData\Roaming\SpaceEngineers\Mods\A Quantum of Depth\AQD - Tarps\Content\Models\Cubes\large\AQD_LG_Tarp_3x3_Net_BS1.fbx: WARNING: 
    Model contains degenerated triangle (indices 1823 1821 1625)
C:\Users\enenra\AppData\Roaming\SpaceEngineers\Mods\A Quantum of Depth\AQD - Tarps\Content\Models\Cubes\large\AQD_LG_Tarp_3x3_Net_BS1.fbx: WARNING: 
    Model contains degenerated triangle (indices 1843 1842 1841)
C:\Users\enenra\AppData\Roaming\SpaceEngineers\Mods\A Quantum of Depth\AQD - Tarps\Content\Models\Cubes\large\AQD_LG_Tarp_3x3_Net_BS1.fbx: WARNING: 
    Model contains degenerated triangle (indices 1846 1845 1844)
C:\Users\enenra\AppData\Roaming\SpaceEngineers\Mods\A Quantum of Depth\AQD - Tarps\Content\Models\Cubes\large\AQD_LG_Tarp_3x3_Net_BS1.fbx: WARNING: 
    Model contains degenerated triangle (indices 1852 1851 1850)
C:\Users\enenra\AppData\Roaming\SpaceEngineers\Mods\A Quantum of Depth\AQD - Tarps\Content\Models\Cubes\large\AQD_LG_Tarp_3x3_Net_BS1.fbx: WARNING: 
    Model contains degenerated triangle (indices 1855 1854 1853)
C:\Users\enenra\AppData\Roaming\SpaceEngineers\Mods\A Quantum of Depth\AQD - Tarps\Content\Models\Cubes\large\AQD_LG_Tarp_3x3_Net_BS1.fbx: WARNING: 
    Model contains degenerated triangle (indices 1867 1865 1630)
C:\Users\enenra\AppData\Roaming\SpaceEngineers\Mods\A Quantum of Depth\AQD - Tarps\Content\Models\Cubes\large\AQD_LG_Tarp_3x3_Net_BS1.fbx: WARNING: 
    Model contains degenerated triangle (indices 1894 1892 1626)
C:\Users\enenra\AppData\Roaming\SpaceEngineers\Mods\A Quantum of Depth\AQD - Tarps\Content\Models\Cubes\large\AQD_LG_Tarp_3x3_Net_BS1.fbx: WARNING: 
    Model contains degenerated triangle (indices 1906 1904 1629)
C:\Users\enenra\AppData\Roaming\SpaceEngineers\Mods\A Quantum of Depth\AQD - Tarps\Content\Models\Cubes\large\AQD_LG_Tarp_3x3_Net_BS1.fbx: WARNING: 
    Model contains degenerated triangle (indices 1604 1605 1741)
C:\Users\enenra\AppData\Roaming\SpaceEngineers\Mods\A Quantum of Depth\AQD - Tarps\Content\Models\Cubes\large\AQD_LG_Tarp_3x3_Net_BS1.fbx: WARNING: 
    Model contains degenerated triangle (indices 1604 1741 1727)
C:\Users\enenra\AppData\Roaming\SpaceEngineers\Mods\A Quantum of Depth\AQD - Tarps\Content\Models\Cubes\large\AQD_LG_Tarp_3x3_Net_BS1.fbx: WARNING: 
    Model contains degenerated triangle (indices 1602 1603 1714)
C:\Users\enenra\AppData\Roaming\SpaceEngineers\Mods\A Quantum of Depth\AQD - Tarps\Content\Models\Cubes\large\AQD_LG_Tarp_3x3_Net_BS1.fbx: WARNING: 
    Model contains degenerated triangle (indices 1602 1714 1732)
C:\Users\enenra\AppData\Roaming\SpaceEngineers\Mods\A Quantum of Depth\AQD - Tarps\Content\Models\Cubes\large\AQD_LG_Tarp_3x3_Net_BS1.fbx: WARNING: 
    Model contains degenerated triangle (indices 1625 1626 1892)
C:\Users\enenra\AppData\Roaming\SpaceEngineers\Mods\A Quantum of Depth\AQD - Tarps\Content\Models\Cubes\large\AQD_LG_Tarp_3x3_Net_BS1.fbx: WARNING: 
    Model contains degenerated triangle (indices 1625 1892 1823)
C:\Users\enenra\AppData\Roaming\SpaceEngineers\Mods\A Quantum of Depth\AQD - Tarps\Content\Models\Cubes\large\AQD_LG_Tarp_3x3_Net_BS1.fbx: WARNING: 
    Model contains degenerated triangle (indices 1865 1906 1629)
C:\Users\enenra\AppData\Roaming\SpaceEngineers\Mods\A Quantum of Depth\AQD - Tarps\Content\Models\Cubes\large\AQD_LG_Tarp_3x3_Net_BS1.fbx: WARNING: 
    Model contains degenerated triangle (indices 1865 1629 1630)
C:\Users\enenra\AppData\Roaming\SpaceEngineers\Mods\A Quantum of Depth\AQD - Tarps\Content\Models\Cubes\large\AQD_LG_Tarp_3x3_Net_BS1.fbx: 
    : Finished in 0.2s
: 
    **FileName: C:\Users\enenra\AppData\Roaming\SpaceEngineers\Mods\A Quantum of Depth\AQD - Tarps\Content\Models\Cubes\large\AQD_LG_Tarp_3x3_Net_LOD2.fbx
: 
    **Filename (without extension): AQD_LG_Tarp_3x3_Net_LOD2
: 
    **Directory Name: C:\Users\enenra\AppData\Roaming\SpaceEngineers\Mods\A Quantum of Depth\AQD - Tarps\Content\Models\Cubes\large
: 
    **Number of characters to cull: 91
: 
    **Culled Path: Models\Cubes\large
Meshes: 
    Found 4 meshe(s).
Animations: 
    Found 0 animation(s).
C:\Users\enenra\AppData\Roaming\SpaceEngineers\Mods\A Quantum of Depth\AQD - Tarps\Content\Models\Cubes\large\AQD_LG_Tarp_3x3_Net_LOD2.fbx: WARNING: 
    Material: BraidedSteel is already defined in the processor. Not adding it again..
C:\Users\enenra\AppData\Roaming\SpaceEngineers\Mods\A Quantum of Depth\AQD - Tarps\Content\Models\Cubes\large\AQD_LG_Tarp_3x3_Net_LOD2.fbx: 
    : Finished in 0.3s
: 
    **FileName: C:\Users\enenra\AppData\Roaming\SpaceEngineers\Mods\A Quantum of Depth\AQD - Tarps\Content\Models\Cubes\large\AQD_LG_Tarp_3x3_Net_LOD3.fbx
: 
    **Filename (without extension): AQD_LG_Tarp_3x3_Net_LOD3
: 
    **Directory Name: C:\Users\enenra\AppData\Roaming\SpaceEngineers\Mods\A Quantum of Depth\AQD - Tarps\Content\Models\Cubes\large
: 
    **Number of characters to cull: 91
: 
    **Culled Path: Models\Cubes\large
Meshes: 
    Found 4 meshe(s).
Animations: 
    Found 0 animation(s).
C:\Users\enenra\AppData\Roaming\SpaceEngineers\Mods\A Quantum of Depth\AQD - Tarps\Content\Models\Cubes\large\AQD_LG_Tarp_3x3_Net_LOD3.fbx: WARNING: 
    Material: BraidedSteel is already defined in the processor. Not adding it again..
C:\Users\enenra\AppData\Roaming\SpaceEngineers\Mods\A Quantum of Depth\AQD - Tarps\Content\Models\Cubes\large\AQD_LG_Tarp_3x3_Net_LOD3.fbx: 
    : Finished in 0.3s
: 
    **FileName: C:\Users\enenra\AppData\Roaming\SpaceEngineers\Mods\A Quantum of Depth\AQD - Tarps\Content\Models\Cubes\large\AQD_LG_Tarp_3x3_Net.hkt.fbx
: 
    **Filename (without extension): AQD_LG_Tarp_3x3_Net.hkt
: 
    **Directory Name: C:\Users\enenra\AppData\Roaming\SpaceEngineers\Mods\A Quantum of Depth\AQD - Tarps\Content\Models\Cubes\large
: 
    **Number of characters to cull: 91
: 
    **Culled Path: Models\Cubes\large
Meshes: 
    Found 9 meshe(s).
Animations: 
    Found 0 animation(s).
C:\Users\enenra\AppData\Roaming\SpaceEngineers\Mods\A Quantum of Depth\AQD - Tarps\Content\Models\Cubes\large\AQD_LG_Tarp_3x3_Net.hkt.fbx: 
    : Finished in 0.3s
: 
    **FileName: C:\Users\enenra\AppData\Roaming\SpaceEngineers\Mods\A Quantum of Depth\AQD - Tarps\Content\Models\Cubes\large\AQD_LG_Tarp_3x3_Net_BS1_LOD1.fbx
: 
    **Filename (without extension): AQD_LG_Tarp_3x3_Net_BS1_LOD1
: 
    **Directory Name: C:\Users\enenra\AppData\Roaming\SpaceEngineers\Mods\A Quantum of Depth\AQD - Tarps\Content\Models\Cubes\large
: 
    **Number of characters to cull: 91
: 
    **Culled Path: Models\Cubes\large
Meshes: 
    Found 1 meshe(s).
Animations: 
    Found 0 animation(s).
C:\Users\enenra\AppData\Roaming\SpaceEngineers\Mods\A Quantum of Depth\AQD - Tarps\Content\Models\Cubes\large\AQD_LG_Tarp_3x3_Net_BS1_LOD1.fbx: 
    : Finished in 0.3s
